<?xml version="1.0" encoding="utf-8"?>
<test-run id="2" testcasecount="3" result="Passed" total="3" passed="3" failed="0" inconclusive="0" skipped="0" asserts="0" engine-version="3.5.0.0" clr-version="4.0.30319.42000" start-time="2026-07-18 17:31:53Z" end-time="2026-07-18 17:31:53Z" duration="0.0365054">
  <test-suite type="TestSuite" id="1000" name="game" fullname="game" runstate="Runnable" testcasecount="34" result="Passed" start-time="2026-07-18 17:31:53Z" end-time="2026-07-18 17:31:53Z" duration="0.036505" total="3" passed="3" failed="0" inconclusive="0" skipped="0" asserts="0">
    <properties>
      <property name="platform" value="EditMode" />
    </properties>
    <test-suite type="Assembly" id="1050" name="Veil.Tests.EditMode.dll" fullname="C:/Users/thats/OneDrive/Documents/game/Library/ScriptAssemblies/Veil.Tests.EditMode.dll" runstate="Runnable" testcasecount="34" result="Passed" start-time="2026-07-18 17:31:53Z" end-time="2026-07-18 17:31:53Z" duration="0.029009" total="3" passed="3" failed="0" inconclusive="0" skipped="0" asserts="0">
      <properties>
        <property name="_PID" value="20568" />
        <property name="_APPDOMAIN" value="Unity Child Domain" />
        <property name="platform" value="EditMode" />
        <property name="EditorOnly" value="True" />
      </properties>
      <test-suite type="TestSuite" id="1051" name="Veil" fullname="Veil" runstate="Runnable" testcasecount="34" result="Passed" start-time="2026-07-18 17:31:53Z" end-time="2026-07-18 17:31:53Z" duration="0.028499" total="3" passed="3" failed="0" inconclusive="0" skipped="0" asserts="0">
        <properties />
        <test-suite type="TestSuite" id="1052" name="Tests" fullname="Veil.Tests" runstate="Runnable" testcasecount="34" result="Passed" start-time="2026-07-18 17:31:53Z" end-time="2026-07-18 17:31:53Z" duration="0.028253" total="3" passed="3" failed="0" inconclusive="0" skipped="0" asserts="0">
          <properties />
          <test-suite type="TestSuite" id="1053" name="EditMode" fullname="Veil.Tests.EditMode" runstate="Runnable" testcasecount="34" result="Passed" start-time="2026-07-18 17:31:53Z" end-time="2026-07-18 17:31:53Z" duration="0.027990" total="3" passed="3" failed="0" inconclusive="0" skipped="0" asserts="0">
            <properties />
            <test-suite type="TestFixture" id="1017" name="JumpActionTests" fullname="Veil.Tests.EditMode.JumpActionTests" classname="Veil.Tests.EditMode.JumpActionTests" runstate="Runnable" testcasecount="3" result="Passed" start-time="2026-07-18 17:31:53Z" end-time="2026-07-18 17:31:53Z" duration="0.026409" total="3" passed="3" failed="0" inconclusive="0" skipped="0" asserts="0">
              <properties />
              <test-case id="1018" name="CanExecute_False_WhenAirborne" fullname="Veil.Tests.EditMode.JumpActionTests.CanExecute_False_WhenAirborne" methodname="CanExecute_False_WhenAirborne" classname="Veil.Tests.EditMode.JumpActionTests" runstate="Runnable" seed="83440854" result="Passed" start-time="2026-07-18 17:31:53Z" end-time="2026-07-18 17:31:53Z" duration="0.010450" asserts="0">
                <properties>
                  <property name="retryIteration" value="0" />
                  <property name="repeatIteration" value="0" />
                </properties>
              </test-case>
              <test-case id="1019" name="CanExecute_True_WhenGrounded" fullname="Veil.Tests.EditMode.JumpActionTests.CanExecute_True_WhenGrounded" methodname="CanExecute_True_WhenGrounded" classname="Veil.Tests.EditMode.JumpActionTests" runstate="Runnable" seed="1988853226" result="Passed" start-time="2026-07-18 17:31:53Z" end-time="2026-07-18 17:31:53Z" duration="0.000476" asserts="0">
                <properties>
                  <property name="retryIteration" value="0" />
                  <property name="repeatIteration" value="0" />
                </properties>
              </test-case>
              <test-case id="1020" name="Execute_SetsVerticalVelocity_MatchingPhysicsFormula" fullname="Veil.Tests.EditMode.JumpActionTests.Execute_SetsVerticalVelocity_MatchingPhysicsFormula" methodname="Execute_SetsVerticalVelocity_MatchingPhysicsFormula" classname="Veil.Tests.EditMode.JumpActionTests" runstate="Runnable" seed="446951299" result="Passed" start-time="2026-07-18 17:31:53Z" end-time="2026-07-18 17:31:53Z" duration="0.003962" asserts="0">
                <properties>
                  <property name="retryIteration" value="0" />
                  <property name="repeatIteration" value="0" />
                </properties>
                <output><![CDATA[Saving results to: C:/Users/thats/AppData/LocalLow/DefaultCompany/game\TestResults.xml
]]></output>
              </test-case>
            </test-suite>
          </test-suite>
        </test-suite>
      </test-suite>
    </test-suite>
  </test-suite>
</test-run>