<?xml version="1.0" encoding="utf-8"?>
<test-run id="2" testcasecount="1" result="Passed" total="1" passed="1" failed="0" inconclusive="0" skipped="0" asserts="0" engine-version="3.5.0.0" clr-version="4.0.30319.42000" start-time="2026-07-18 11:09:01Z" end-time="2026-07-18 11:09:01Z" duration="0.0713095">
  <test-suite type="TestSuite" id="1000" name="game" fullname="game" runstate="Runnable" testcasecount="31" result="Passed" start-time="2026-07-18 11:09:01Z" end-time="2026-07-18 11:09:01Z" duration="0.071310" total="1" passed="1" failed="0" inconclusive="0" skipped="0" asserts="0">
    <properties>
      <property name="platform" value="EditMode" />
    </properties>
    <test-suite type="Assembly" id="1046" name="Veil.Tests.EditMode.dll" fullname="C:/Users/thats/OneDrive/Documents/game/Library/ScriptAssemblies/Veil.Tests.EditMode.dll" runstate="Runnable" testcasecount="31" result="Passed" start-time="2026-07-18 11:09:01Z" end-time="2026-07-18 11:09:01Z" duration="0.054223" total="1" passed="1" failed="0" inconclusive="0" skipped="0" asserts="0">
      <properties>
        <property name="_PID" value="20328" />
        <property name="_APPDOMAIN" value="Unity Child Domain" />
        <property name="platform" value="EditMode" />
        <property name="EditorOnly" value="True" />
      </properties>
      <test-suite type="TestSuite" id="1047" name="Veil" fullname="Veil" runstate="Runnable" testcasecount="31" result="Passed" start-time="2026-07-18 11:09:01Z" end-time="2026-07-18 11:09:01Z" duration="0.052148" total="1" passed="1" failed="0" inconclusive="0" skipped="0" asserts="0">
        <properties />
        <test-suite type="TestSuite" id="1048" name="Tests" fullname="Veil.Tests" runstate="Runnable" testcasecount="31" result="Passed" start-time="2026-07-18 11:09:01Z" end-time="2026-07-18 11:09:01Z" duration="0.051208" total="1" passed="1" failed="0" inconclusive="0" skipped="0" asserts="0">
          <properties />
          <test-suite type="TestSuite" id="1049" name="EditMode" fullname="Veil.Tests.EditMode" runstate="Runnable" testcasecount="31" result="Passed" start-time="2026-07-18 11:09:01Z" end-time="2026-07-18 11:09:01Z" duration="0.050105" total="1" passed="1" failed="0" inconclusive="0" skipped="0" asserts="0">
            <properties />
            <test-suite type="TestFixture" id="1039" name="PlayerControllerTests" fullname="Veil.Tests.EditMode.PlayerControllerTests" classname="Veil.Tests.EditMode.PlayerControllerTests" runstate="Runnable" testcasecount="1" result="Passed" start-time="2026-07-18 11:09:01Z" end-time="2026-07-18 11:09:01Z" duration="0.045958" total="1" passed="1" failed="0" inconclusive="0" skipped="0" asserts="0">
              <properties />
              <test-case id="1040" name="Tick_WithNoActiveAction_LetsStateMachineDriveVelocity" fullname="Veil.Tests.EditMode.PlayerControllerTests.Tick_WithNoActiveAction_LetsStateMachineDriveVelocity" methodname="Tick_WithNoActiveAction_LetsStateMachineDriveVelocity" classname="Veil.Tests.EditMode.PlayerControllerTests" runstate="Runnable" seed="1951249805" result="Passed" start-time="2026-07-18 11:09:01Z" end-time="2026-07-18 11:09:01Z" duration="0.023272" asserts="0">
                <properties>
                  <property name="retryIteration" value="0" />
                  <property name="repeatIteration" value="0" />
                </properties>
                <output><![CDATA[Saving results to: C:/Users/thats/AppData/LocalLow/DefaultCompany/game\TestResults.xml
]]></output>
              </test-case>
            </test-suite>
          </test-suite>
        </test-suite>
      </test-suite>
    </test-suite>
  </test-suite>
</test-run>