<?xml version="1.0" encoding="utf-8"?>
<test-run id="2" testcasecount="30" result="Passed" total="30" passed="30" failed="0" inconclusive="0" skipped="0" asserts="0" engine-version="3.5.0.0" clr-version="4.0.30319.42000" start-time="2026-07-18 10:24:31Z" end-time="2026-07-18 10:24:32Z" duration="0.1899987">
  <test-suite type="TestSuite" id="1000" name="game" fullname="game" runstate="Runnable" testcasecount="30" result="Passed" start-time="2026-07-18 10:24:31Z" end-time="2026-07-18 10:24:32Z" duration="0.189999" total="30" passed="30" failed="0" inconclusive="0" skipped="0" asserts="0">
    <properties>
      <property name="platform" value="EditMode" />
    </properties>
    <test-suite type="Assembly" id="1044" name="Veil.Tests.EditMode.dll" fullname="C:/Users/thats/OneDrive/Documents/game/Library/ScriptAssemblies/Veil.Tests.EditMode.dll" runstate="Runnable" testcasecount="30" result="Passed" start-time="2026-07-18 10:24:31Z" end-time="2026-07-18 10:24:32Z" duration="0.182235" total="30" passed="30" failed="0" inconclusive="0" skipped="0" asserts="0">
      <properties>
        <property name="_PID" value="21072" />
        <property name="_APPDOMAIN" value="Unity Child Domain" />
        <property name="platform" value="EditMode" />
        <property name="EditorOnly" value="True" />
      </properties>
      <test-suite type="TestSuite" id="1045" name="Veil" fullname="Veil" runstate="Runnable" testcasecount="30" result="Passed" start-time="2026-07-18 10:24:31Z" end-time="2026-07-18 10:24:32Z" duration="0.181876" total="30" passed="30" failed="0" inconclusive="0" skipped="0" asserts="0">
        <properties />
        <test-suite type="TestSuite" id="1046" name="Tests" fullname="Veil.Tests" runstate="Runnable" testcasecount="30" result="Passed" start-time="2026-07-18 10:24:31Z" end-time="2026-07-18 10:24:32Z" duration="0.181753" total="30" passed="30" failed="0" inconclusive="0" skipped="0" asserts="0">
          <properties />
          <test-suite type="TestSuite" id="1047" name="EditMode" fullname="Veil.Tests.EditMode" runstate="Runnable" testcasecount="30" result="Passed" start-time="2026-07-18 10:24:31Z" end-time="2026-07-18 10:24:32Z" duration="0.181549" total="30" passed="30" failed="0" inconclusive="0" skipped="0" asserts="0">
            <properties />
            <test-suite type="TestFixture" id="1003" name="ActionControllerTests" fullname="Veil.Tests.EditMode.ActionControllerTests" classname="Veil.Tests.EditMode.ActionControllerTests" runstate="Runnable" testcasecount="2" result="Passed" start-time="2026-07-18 10:24:31Z" end-time="2026-07-18 10:24:31Z" duration="0.029402" total="2" passed="2" failed="0" inconclusive="0" skipped="0" asserts="0">
              <properties />
              <test-case id="1005" name="ActiveAction_BlocksLowerPriorityFromInterrupting" fullname="Veil.Tests.EditMode.ActionControllerTests.ActiveAction_BlocksLowerPriorityFromInterrupting" methodname="ActiveAction_BlocksLowerPriorityFromInterrupting" classname="Veil.Tests.EditMode.ActionControllerTests" runstate="Runnable" seed="535384291" result="Passed" start-time="2026-07-18 10:24:31Z" end-time="2026-07-18 10:24:31Z" duration="0.015451" asserts="0">
                <properties>
                  <property name="retryIteration" value="0" />
                  <property name="repeatIteration" value="0" />
                </properties>
              </test-case>
              <test-case id="1004" name="ExecutesHighestPriorityValidAction" fullname="Veil.Tests.EditMode.ActionControllerTests.ExecutesHighestPriorityValidAction" methodname="ExecutesHighestPriorityValidAction" classname="Veil.Tests.EditMode.ActionControllerTests" runstate="Runnable" seed="1018703290" result="Passed" start-time="2026-07-18 10:24:31Z" end-time="2026-07-18 10:24:31Z" duration="0.000478" asserts="0">
                <properties>
                  <property name="retryIteration" value="0" />
                  <property name="repeatIteration" value="0" />
                </properties>
              </test-case>
            </test-suite>
            <test-suite type="TestFixture" id="1006" name="CameraJuiceTests" fullname="Veil.Tests.EditMode.CameraJuiceTests" classname="Veil.Tests.EditMode.CameraJuiceTests" runstate="Runnable" testcasecount="4" result="Passed" start-time="2026-07-18 10:24:31Z" end-time="2026-07-18 10:24:31Z" duration="0.007290" total="4" passed="4" failed="0" inconclusive="0" skipped="0" asserts="0">
              <properties />
              <test-case id="1010" name="CalculateBobOffset_IsAllocationFree" fullname="Veil.Tests.EditMode.CameraJuiceTests.CalculateBobOffset_IsAllocationFree" methodname="CalculateBobOffset_IsAllocationFree" classname="Veil.Tests.EditMode.CameraJuiceTests" runstate="Runnable" seed="257709944" result="Passed" start-time="2026-07-18 10:24:31Z" end-time="2026-07-18 10:24:31Z" duration="0.004648" asserts="0">
                <properties>
                  <property name="retryIteration" value="0" />
                  <property name="repeatIteration" value="0" />
                </properties>
              </test-case>
              <test-case id="1008" name="CalculateFovKick_MaxSpeed_ReturnsBasePlusMaxKick" fullname="Veil.Tests.EditMode.CameraJuiceTests.CalculateFovKick_MaxSpeed_ReturnsBasePlusMaxKick" methodname="CalculateFovKick_MaxSpeed_ReturnsBasePlusMaxKick" classname="Veil.Tests.EditMode.CameraJuiceTests" runstate="Runnable" seed="2071412250" result="Passed" start-time="2026-07-18 10:24:31Z" end-time="2026-07-18 10:24:31Z" duration="0.001036" asserts="0">
                <properties>
                  <property name="retryIteration" value="0" />
                  <property name="repeatIteration" value="0" />
                </properties>
              </test-case>
              <test-case id="1007" name="CalculateFovKick_ZeroSpeed_ReturnsBaseFov" fullname="Veil.Tests.EditMode.CameraJuiceTests.CalculateFovKick_ZeroSpeed_ReturnsBaseFov" methodname="CalculateFovKick_ZeroSpeed_ReturnsBaseFov" classname="Veil.Tests.EditMode.CameraJuiceTests" runstate="Runnable" seed="1357607239" result="Passed" start-time="2026-07-18 10:24:31Z" end-time="2026-07-18 10:24:31Z" duration="0.000168" asserts="0">
                <properties>
                  <property name="retryIteration" value="0" />
                  <property name="repeatIteration" value="0" />
                </properties>
              </test-case>
              <test-case id="1009" name="CalculateTilt_Sliding_ReturnsSlideTilt" fullname="Veil.Tests.EditMode.CameraJuiceTests.CalculateTilt_Sliding_ReturnsSlideTilt" methodname="CalculateTilt_Sliding_ReturnsSlideTilt" classname="Veil.Tests.EditMode.CameraJuiceTests" runstate="Runnable" seed="1303608854" result="Passed" start-time="2026-07-18 10:24:31Z" end-time="2026-07-18 10:24:31Z" duration="0.000145" asserts="0">
                <properties>
                  <property name="retryIteration" value="0" />
                  <property name="repeatIteration" value="0" />
                </properties>
              </test-case>
            </test-suite>
            <test-suite type="TestFixture" id="1011" name="GrabPhysicsMathTests" fullname="Veil.Tests.EditMode.GrabPhysicsMathTests" classname="Veil.Tests.EditMode.GrabPhysicsMathTests" runstate="Runnable" testcasecount="2" result="Passed" start-time="2026-07-18 10:24:31Z" end-time="2026-07-18 10:24:31Z" duration="0.004467" total="2" passed="2" failed="0" inconclusive="0" skipped="0" asserts="0">
              <properties />
              <test-case id="1013" name="ComputeHoldVelocity_AtTarget_WithZeroVelocity_ReturnsNearZero" fullname="Veil.Tests.EditMode.GrabPhysicsMathTests.ComputeHoldVelocity_AtTarget_WithZeroVelocity_ReturnsNearZero" methodname="ComputeHoldVelocity_AtTarget_WithZeroVelocity_ReturnsNearZero" classname="Veil.Tests.EditMode.GrabPhysicsMathTests" runstate="Runnable" seed="360085024" result="Passed" start-time="2026-07-18 10:24:31Z" end-time="2026-07-18 10:24:31Z" duration="0.000621" asserts="0">
                <properties>
                  <property name="retryIteration" value="0" />
                  <property name="repeatIteration" value="0" />
                </properties>
              </test-case>
              <test-case id="1012" name="ComputeHoldVelocity_MovesTowardTarget" fullname="Veil.Tests.EditMode.GrabPhysicsMathTests.ComputeHoldVelocity_MovesTowardTarget" methodname="ComputeHoldVelocity_MovesTowardTarget" classname="Veil.Tests.EditMode.GrabPhysicsMathTests" runstate="Runnable" seed="357722796" result="Passed" start-time="2026-07-18 10:24:31Z" end-time="2026-07-18 10:24:31Z" duration="0.003051" asserts="0">
                <properties>
                  <property name="retryIteration" value="0" />
                  <property name="repeatIteration" value="0" />
                </properties>
              </test-case>
            </test-suite>
            <test-suite type="TestFixture" id="1014" name="InputReaderTests" fullname="Veil.Tests.EditMode.InputReaderTests" classname="Veil.Tests.EditMode.InputReaderTests" runstate="Runnable" testcasecount="2" result="Passed" start-time="2026-07-18 10:24:31Z" end-time="2026-07-18 10:24:31Z" duration="0.110686" total="2" passed="2" failed="0" inconclusive="0" skipped="0" asserts="0">
              <properties />
              <test-case id="1016" name="JumpVaultPressed_FiresOnce_WhenButtonPressed" fullname="Veil.Tests.EditMode.InputReaderTests.JumpVaultPressed_FiresOnce_WhenButtonPressed" methodname="JumpVaultPressed_FiresOnce_WhenButtonPressed" classname="Veil.Tests.EditMode.InputReaderTests" runstate="Runnable" seed="293461387" result="Passed" start-time="2026-07-18 10:24:31Z" end-time="2026-07-18 10:24:31Z" duration="0.103159" asserts="0">
                <properties>
                  <property name="retryIteration" value="0" />
                  <property name="repeatIteration" value="0" />
                </properties>
              </test-case>
              <test-case id="1015" name="MoveInput_DefaultsToZero" fullname="Veil.Tests.EditMode.InputReaderTests.MoveInput_DefaultsToZero" methodname="MoveInput_DefaultsToZero" classname="Veil.Tests.EditMode.InputReaderTests" runstate="Runnable" seed="1401211955" result="Passed" start-time="2026-07-18 10:24:31Z" end-time="2026-07-18 10:24:31Z" duration="0.005956" asserts="0">
                <properties>
                  <property name="retryIteration" value="0" />
                  <property name="repeatIteration" value="0" />
                </properties>
              </test-case>
            </test-suite>
            <test-suite type="TestFixture" id="1017" name="LedgeDetectorTests" fullname="Veil.Tests.EditMode.LedgeDetectorTests" classname="Veil.Tests.EditMode.LedgeDetectorTests" runstate="Runnable" testcasecount="4" result="Passed" start-time="2026-07-18 10:24:31Z" end-time="2026-07-18 10:24:31Z" duration="0.004364" total="4" passed="4" failed="0" inconclusive="0" skipped="0" asserts="0">
              <properties />
              <test-case id="1019" name="Decide_LowLedge_ReturnsVault" fullname="Veil.Tests.EditMode.LedgeDetectorTests.Decide_LowLedge_ReturnsVault" methodname="Decide_LowLedge_ReturnsVault" classname="Veil.Tests.EditMode.LedgeDetectorTests" runstate="Runnable" seed="413952774" result="Passed" start-time="2026-07-18 10:24:31Z" end-time="2026-07-18 10:24:31Z" duration="0.000779" asserts="0">
                <properties>
                  <property name="retryIteration" value="0" />
                  <property name="repeatIteration" value="0" />
                </properties>
              </test-case>
              <test-case id="1020" name="Decide_MidLedge_ReturnsMantle" fullname="Veil.Tests.EditMode.LedgeDetectorTests.Decide_MidLedge_ReturnsMantle" methodname="Decide_MidLedge_ReturnsMantle" classname="Veil.Tests.EditMode.LedgeDetectorTests" runstate="Runnable" seed="15030690" result="Passed" start-time="2026-07-18 10:24:31Z" end-time="2026-07-18 10:24:31Z" duration="0.000270" asserts="0">
                <properties>
                  <property name="retryIteration" value="0" />
                  <property name="repeatIteration" value="0" />
                </properties>
              </test-case>
              <test-case id="1018" name="Decide_NoForwardHit_ReturnsNone" fullname="Veil.Tests.EditMode.LedgeDetectorTests.Decide_NoForwardHit_ReturnsNone" methodname="Decide_NoForwardHit_ReturnsNone" classname="Veil.Tests.EditMode.LedgeDetectorTests" runstate="Runnable" seed="2106165389" result="Passed" start-time="2026-07-18 10:24:31Z" end-time="2026-07-18 10:24:31Z" duration="0.000230" asserts="0">
                <properties>
                  <property name="retryIteration" value="0" />
                  <property name="repeatIteration" value="0" />
                </properties>
              </test-case>
              <test-case id="1021" name="Decide_TooHigh_ReturnsNone" fullname="Veil.Tests.EditMode.LedgeDetectorTests.Decide_TooHigh_ReturnsNone" methodname="Decide_TooHigh_ReturnsNone" classname="Veil.Tests.EditMode.LedgeDetectorTests" runstate="Runnable" seed="1440055667" result="Passed" start-time="2026-07-18 10:24:31Z" end-time="2026-07-18 10:24:31Z" duration="0.000234" asserts="0">
                <properties>
                  <property name="retryIteration" value="0" />
                  <property name="repeatIteration" value="0" />
                </properties>
              </test-case>
            </test-suite>
            <test-suite type="TestFixture" id="1022" name="LevelBuilderTests" fullname="Veil.Tests.EditMode.LevelBuilderTests" classname="Veil.Tests.EditMode.LevelBuilderTests" runstate="Runnable" testcasecount="1" result="Passed" start-time="2026-07-18 10:24:31Z" end-time="2026-07-18 10:24:32Z" duration="0.009168" total="1" passed="1" failed="0" inconclusive="0" skipped="0" asserts="0">
              <properties />
              <test-case id="1023" name="Build_CreatesRequiredGreyboxElements" fullname="Veil.Tests.EditMode.LevelBuilderTests.Build_CreatesRequiredGreyboxElements" methodname="Build_CreatesRequiredGreyboxElements" classname="Veil.Tests.EditMode.LevelBuilderTests" runstate="Runnable" seed="1870919776" result="Passed" start-time="2026-07-18 10:24:31Z" end-time="2026-07-18 10:24:32Z" duration="0.008364" asserts="0">
                <properties>
                  <property name="retryIteration" value="0" />
                  <property name="repeatIteration" value="0" />
                </properties>
              </test-case>
            </test-suite>
            <test-suite type="TestFixture" id="1024" name="MotorMathTests" fullname="Veil.Tests.EditMode.MotorMathTests" classname="Veil.Tests.EditMode.MotorMathTests" runstate="Runnable" testcasecount="5" result="Passed" start-time="2026-07-18 10:24:32Z" end-time="2026-07-18 10:24:32Z" duration="0.003917" total="5" passed="5" failed="0" inconclusive="0" skipped="0" asserts="0">
              <properties />
              <test-case id="1028" name="ComputeSlideVelocity_DecaysTowardMinSpeed" fullname="Veil.Tests.EditMode.MotorMathTests.ComputeSlideVelocity_DecaysTowardMinSpeed" methodname="ComputeSlideVelocity_DecaysTowardMinSpeed" classname="Veil.Tests.EditMode.MotorMathTests" runstate="Runnable" seed="1027291789" result="Passed" start-time="2026-07-18 10:24:32Z" end-time="2026-07-18 10:24:32Z" duration="0.000909" asserts="0">
                <properties>
                  <property name="retryIteration" value="0" />
                  <property name="repeatIteration" value="0" />
                </properties>
              </test-case>
              <test-case id="1025" name="IsWalkable_FlatGround_ReturnsTrue" fullname="Veil.Tests.EditMode.MotorMathTests.IsWalkable_FlatGround_ReturnsTrue" methodname="IsWalkable_FlatGround_ReturnsTrue" classname="Veil.Tests.EditMode.MotorMathTests" runstate="Runnable" seed="265962603" result="Passed" start-time="2026-07-18 10:24:32Z" end-time="2026-07-18 10:24:32Z" duration="0.000466" asserts="0">
                <properties>
                  <property name="retryIteration" value="0" />
                  <property name="repeatIteration" value="0" />
                </properties>
              </test-case>
              <test-case id="1026" name="IsWalkable_VerticalWall_ReturnsFalse" fullname="Veil.Tests.EditMode.MotorMathTests.IsWalkable_VerticalWall_ReturnsFalse" methodname="IsWalkable_VerticalWall_ReturnsFalse" classname="Veil.Tests.EditMode.MotorMathTests" runstate="Runnable" seed="1437411378" result="Passed" start-time="2026-07-18 10:24:32Z" end-time="2026-07-18 10:24:32Z" duration="0.000439" asserts="0">
                <properties>
                  <property name="retryIteration" value="0" />
                  <property name="repeatIteration" value="0" />
                </properties>
              </test-case>
              <test-case id="1029" name="SlideAlongSurface_IsAllocationFree" fullname="Veil.Tests.EditMode.MotorMathTests.SlideAlongSurface_IsAllocationFree" methodname="SlideAlongSurface_IsAllocationFree" classname="Veil.Tests.EditMode.MotorMathTests" runstate="Runnable" seed="952008633" result="Passed" start-time="2026-07-18 10:24:32Z" end-time="2026-07-18 10:24:32Z" duration="0.000510" asserts="0">
                <properties>
                  <property name="retryIteration" value="0" />
                  <property name="repeatIteration" value="0" />
                </properties>
              </test-case>
              <test-case id="1027" name="SlideAlongSurface_RemovesVelocityIntoWall" fullname="Veil.Tests.EditMode.MotorMathTests.SlideAlongSurface_RemovesVelocityIntoWall" methodname="SlideAlongSurface_RemovesVelocityIntoWall" classname="Veil.Tests.EditMode.MotorMathTests" runstate="Runnable" seed="2005908497" result="Passed" start-time="2026-07-18 10:24:32Z" end-time="2026-07-18 10:24:32Z" duration="0.000191" asserts="0">
                <properties>
                  <property name="retryIteration" value="0" />
                  <property name="repeatIteration" value="0" />
                </properties>
              </test-case>
            </test-suite>
            <test-suite type="TestFixture" id="1030" name="MovementSettingsTests" fullname="Veil.Tests.EditMode.MovementSettingsTests" classname="Veil.Tests.EditMode.MovementSettingsTests" runstate="Runnable" testcasecount="2" result="Passed" start-time="2026-07-18 10:24:32Z" end-time="2026-07-18 10:24:32Z" duration="0.001390" total="2" passed="2" failed="0" inconclusive="0" skipped="0" asserts="0">
              <properties />
              <test-case id="1031" name="OnValidate_ClampsCrouchSpeedBelowSprintSpeed" fullname="Veil.Tests.EditMode.MovementSettingsTests.OnValidate_ClampsCrouchSpeedBelowSprintSpeed" methodname="OnValidate_ClampsCrouchSpeedBelowSprintSpeed" classname="Veil.Tests.EditMode.MovementSettingsTests" runstate="Runnable" seed="326161068" result="Passed" start-time="2026-07-18 10:24:32Z" end-time="2026-07-18 10:24:32Z" duration="0.000515" asserts="0">
                <properties>
                  <property name="retryIteration" value="0" />
                  <property name="repeatIteration" value="0" />
                </properties>
              </test-case>
              <test-case id="1032" name="OnValidate_ClampsMaxSlopeAngleTo0_90" fullname="Veil.Tests.EditMode.MovementSettingsTests.OnValidate_ClampsMaxSlopeAngleTo0_90" methodname="OnValidate_ClampsMaxSlopeAngleTo0_90" classname="Veil.Tests.EditMode.MovementSettingsTests" runstate="Runnable" seed="725727534" result="Passed" start-time="2026-07-18 10:24:32Z" end-time="2026-07-18 10:24:32Z" duration="0.000210" asserts="0">
                <properties>
                  <property name="retryIteration" value="0" />
                  <property name="repeatIteration" value="0" />
                </properties>
              </test-case>
            </test-suite>
            <test-suite type="TestFixture" id="1033" name="MovementStateMachineTests" fullname="Veil.Tests.EditMode.MovementStateMachineTests" classname="Veil.Tests.EditMode.MovementStateMachineTests" runstate="Runnable" testcasecount="2" result="Passed" start-time="2026-07-18 10:24:32Z" end-time="2026-07-18 10:24:32Z" duration="0.004151" total="2" passed="2" failed="0" inconclusive="0" skipped="0" asserts="0">
              <properties />
              <test-case id="1034" name="StartsInGroundedState" fullname="Veil.Tests.EditMode.MovementStateMachineTests.StartsInGroundedState" methodname="StartsInGroundedState" classname="Veil.Tests.EditMode.MovementStateMachineTests" runstate="Runnable" seed="2107987408" result="Passed" start-time="2026-07-18 10:24:32Z" end-time="2026-07-18 10:24:32Z" duration="0.002183" asserts="0">
                <properties>
                  <property name="retryIteration" value="0" />
                  <property name="repeatIteration" value="0" />
                </properties>
              </test-case>
              <test-case id="1035" name="TransitionsToAir_WhenMotorLeavesGround" fullname="Veil.Tests.EditMode.MovementStateMachineTests.TransitionsToAir_WhenMotorLeavesGround" methodname="TransitionsToAir_WhenMotorLeavesGround" classname="Veil.Tests.EditMode.MovementStateMachineTests" runstate="Runnable" seed="736234439" result="Passed" start-time="2026-07-18 10:24:32Z" end-time="2026-07-18 10:24:32Z" duration="0.001080" asserts="0">
                <properties>
                  <property name="retryIteration" value="0" />
                  <property name="repeatIteration" value="0" />
                </properties>
              </test-case>
            </test-suite>
            <test-suite type="TestFixture" id="1036" name="NearestInteractableSelectorTests" fullname="Veil.Tests.EditMode.NearestInteractableSelectorTests" classname="Veil.Tests.EditMode.NearestInteractableSelectorTests" runstate="Runnable" testcasecount="2" result="Passed" start-time="2026-07-18 10:24:32Z" end-time="2026-07-18 10:24:32Z" duration="0.002218" total="2" passed="2" failed="0" inconclusive="0" skipped="0" asserts="0">
              <properties />
              <test-case id="1038" name="SelectNearest_EmptyList_ReturnsNull" fullname="Veil.Tests.EditMode.NearestInteractableSelectorTests.SelectNearest_EmptyList_ReturnsNull" methodname="SelectNearest_EmptyList_ReturnsNull" classname="Veil.Tests.EditMode.NearestInteractableSelectorTests" runstate="Runnable" seed="1032265365" result="Passed" start-time="2026-07-18 10:24:32Z" end-time="2026-07-18 10:24:32Z" duration="0.000616" asserts="0">
                <properties>
                  <property name="retryIteration" value="0" />
                  <property name="repeatIteration" value="0" />
                </properties>
              </test-case>
              <test-case id="1037" name="SelectNearest_ReturnsClosestByDistance" fullname="Veil.Tests.EditMode.NearestInteractableSelectorTests.SelectNearest_ReturnsClosestByDistance" methodname="SelectNearest_ReturnsClosestByDistance" classname="Veil.Tests.EditMode.NearestInteractableSelectorTests" runstate="Runnable" seed="1596847415" result="Passed" start-time="2026-07-18 10:24:32Z" end-time="2026-07-18 10:24:32Z" duration="0.000697" asserts="0">
                <properties>
                  <property name="retryIteration" value="0" />
                  <property name="repeatIteration" value="0" />
                </properties>
              </test-case>
            </test-suite>
            <test-suite type="TestFixture" id="1039" name="SlideActionTests" fullname="Veil.Tests.EditMode.SlideActionTests" classname="Veil.Tests.EditMode.SlideActionTests" runstate="Runnable" testcasecount="4" result="Passed" start-time="2026-07-18 10:24:32Z" end-time="2026-07-18 10:24:32Z" duration="0.002594" total="4" passed="4" failed="0" inconclusive="0" skipped="0" asserts="0">
              <properties />
              <test-case id="1040" name="CanExecute_False_WhenAirborne" fullname="Veil.Tests.EditMode.SlideActionTests.CanExecute_False_WhenAirborne" methodname="CanExecute_False_WhenAirborne" classname="Veil.Tests.EditMode.SlideActionTests" runstate="Runnable" seed="2021062750" result="Passed" start-time="2026-07-18 10:24:32Z" end-time="2026-07-18 10:24:32Z" duration="0.000784" asserts="0">
                <properties>
                  <property name="retryIteration" value="0" />
                  <property name="repeatIteration" value="0" />
                </properties>
              </test-case>
              <test-case id="1041" name="CanExecute_True_WhenGroundedAndFastEnough" fullname="Veil.Tests.EditMode.SlideActionTests.CanExecute_True_WhenGroundedAndFastEnough" methodname="CanExecute_True_WhenGroundedAndFastEnough" classname="Veil.Tests.EditMode.SlideActionTests" runstate="Runnable" seed="566823035" result="Passed" start-time="2026-07-18 10:24:32Z" end-time="2026-07-18 10:24:32Z" duration="0.000212" asserts="0">
                <properties>
                  <property name="retryIteration" value="0" />
                  <property name="repeatIteration" value="0" />
                </properties>
              </test-case>
              <test-case id="1042" name="Execute_SetsIsActiveTrue" fullname="Veil.Tests.EditMode.SlideActionTests.Execute_SetsIsActiveTrue" methodname="Execute_SetsIsActiveTrue" classname="Veil.Tests.EditMode.SlideActionTests" runstate="Runnable" seed="335239350" result="Passed" start-time="2026-07-18 10:24:32Z" end-time="2026-07-18 10:24:32Z" duration="0.000463" asserts="0">
                <properties>
                  <property name="retryIteration" value="0" />
                  <property name="repeatIteration" value="0" />
                </properties>
              </test-case>
              <test-case id="1043" name="Tick_EndsSlide_WhenSpeedDropsBelowMinimum" fullname="Veil.Tests.EditMode.SlideActionTests.Tick_EndsSlide_WhenSpeedDropsBelowMinimum" methodname="Tick_EndsSlide_WhenSpeedDropsBelowMinimum" classname="Veil.Tests.EditMode.SlideActionTests" runstate="Runnable" seed="1642274825" result="Passed" start-time="2026-07-18 10:24:32Z" end-time="2026-07-18 10:24:32Z" duration="0.000411" asserts="0">
                <properties>
                  <property name="retryIteration" value="0" />
                  <property name="repeatIteration" value="0" />
                </properties>
                <output><![CDATA[Saving results to: C:/Users/thats/AppData/LocalLow/DefaultCompany/game\TestResults.xml
]]></output>
              </test-case>
            </test-suite>
          </test-suite>
        </test-suite>
      </test-suite>
    </test-suite>
  </test-suite>
</test-run>